This file contains any messages produced by compilers while
running configure, to aid debugging if configure makes a mistake.

configure:565: checking for a BSD compatible install
configure:618: checking whether build environment is sane
configure:675: checking whether make sets ${MAKE}
configure:721: checking for working aclocal
configure:734: checking for working autoconf
configure:747: checking for working automake
configure:760: checking for working autoheader
configure:773: checking for working makeinfo
configure:790: checking for gcc
configure:903: checking whether the C compiler (cpp  ) works
configure:919: cpp -o conftest    conftest.c  1>&5
configure:945: checking whether the C compiler (cpp  ) is a cross-compiler
configure:950: checking whether we are using GNU C
configure:978: checking whether cpp accepts -g
configure:1011: checking for main in -lm
configure:1098: checking for sdl-config
configure:1133: checking for SDL - version >= 1.2.0
configure:1212: cpp -o conftest  -Wall -ID:/Develope/gcc/v3.3.5/usr/include -lsdl -lsdl_mixer -lsdl_net -lsdl_image   conftest.c -lm  -lsdl -lsdl_mixer -lsdl_net -lsdl_image 1>&5
cpp: -lsdl: linker input file unused because linking not done
cpp: -lsdl_mixer: linker input file unused because linking not done
cpp: -lsdl_net: linker input file unused because linking not done
cpp: -lsdl_image: linker input file unused because linking not done
cpp: -lm: linker input file unused because linking not done
cpp: -lsdl: linker input file unused because linking not done
cpp: -lsdl_mixer: linker input file unused because linking not done
cpp: -lsdl_net: linker input file unused because linking not done
cpp: -lsdl_image: linker input file unused because linking not done
configure:1293: checking for main in -lSDL_mixer
